ERROR 20-12-17 22:49:05[main] [LoggingFailureAnalysisReporter:40] - 

***************************
APPLICATION FAILED TO START
***************************

Description:

Parameter 0 of constructor in com.innomes.main.jwt.JwtTokenProvider required a bean of type 'org.springframework.security.core.userdetails.UserDetailsService' that could not be found.

The following candidates were found but could not be injected:
	- Bean method 'inMemoryUserDetailsManager' in 'UserDetailsServiceAutoConfiguration' not loaded because @ConditionalOnBean (types: org.springframework.security.authentication.AuthenticationManager,org.springframework.security.authentication.AuthenticationProvider,org.springframework.security.core.userdetails.UserDetailsService,org.springframework.security.oauth2.jwt.JwtDecoder,org.springframework.security.oauth2.server.resource.introspection.OpaqueTokenIntrospector; SearchStrategy: all) found beans of type 'org.springframework.security.authentication.AuthenticationManager' authenticationManagerBean


Action:

Consider revisiting the entries above or defining a bean of type 'org.springframework.security.core.userdetails.UserDetailsService' in your configuration.

ERROR 20-12-17 22:52:07[main] [LoggingFailureAnalysisReporter:40] - 

***************************
APPLICATION FAILED TO START
***************************

Description:

Parameter 0 of constructor in com.innomes.main.jwt.JwtTokenProvider required a bean of type 'org.springframework.security.core.userdetails.UserDetailsService' that could not be found.

The following candidates were found but could not be injected:
	- Bean method 'inMemoryUserDetailsManager' in 'UserDetailsServiceAutoConfiguration' not loaded because @ConditionalOnBean (types: org.springframework.security.authentication.AuthenticationManager,org.springframework.security.authentication.AuthenticationProvider,org.springframework.security.core.userdetails.UserDetailsService,org.springframework.security.oauth2.jwt.JwtDecoder,org.springframework.security.oauth2.server.resource.introspection.OpaqueTokenIntrospector; SearchStrategy: all) found beans of type 'org.springframework.security.authentication.AuthenticationManager' authenticationManagerBean


Action:

Consider revisiting the entries above or defining a bean of type 'org.springframework.security.core.userdetails.UserDetailsService' in your configuration.

ERROR 20-12-17 23:06:57[main] [LoggingFailureAnalysisReporter:40] - 

***************************
APPLICATION FAILED TO START
***************************

Description:

Parameter 0 of constructor in com.innomes.main.master.service.CustomUserDetailService required a bean of type 'com.innomes.main.repository.MST140Repository' that could not be found.


Action:

Consider defining a bean of type 'com.innomes.main.repository.MST140Repository' in your configuration.

ERROR 20-12-17 23:08:37[main] [SpringApplication:826] - Application run failed
org.springframework.beans.factory.BeanCreationException: Error creating bean with name 'sqlSessionFactory' defined in class path resource [com/innomes/main/config/DataAccessConfig.class]: Bean instantiation via factory method failed; nested exception is org.springframework.beans.BeanInstantiationException: Failed to instantiate [org.apache.ibatis.session.SqlSessionFactory]: Factory method 'sqlSessionFactory' threw exception; nested exception is java.io.FileNotFoundException: class path resource [mybatis/mapper/] cannot be resolved to URL because it does not exist
	at org.springframework.beans.factory.support.ConstructorResolver.instantiate(ConstructorResolver.java:656)
	at org.springframework.beans.factory.support.ConstructorResolver.instantiateUsingFactoryMethod(ConstructorResolver.java:636)
	at org.springframework.beans.factory.support.AbstractAutowireCapableBeanFactory.instantiateUsingFactoryMethod(AbstractAutowireCapableBeanFactory.java:1338)
	at org.springframework.beans.factory.support.AbstractAutowireCapableBeanFactory.createBeanInstance(AbstractAutowireCapableBeanFactory.java:1177)
	at org.springframework.beans.factory.support.AbstractAutowireCapableBeanFactory.doCreateBean(AbstractAutowireCapableBeanFactory.java:557)
	at org.springframework.beans.factory.support.AbstractAutowireCapableBeanFactory.createBean(AbstractAutowireCapableBeanFactory.java:517)
	at org.springframework.beans.factory.support.AbstractBeanFactory.lambda$doGetBean$0(AbstractBeanFactory.java:323)
	at org.springframework.beans.factory.support.DefaultSingletonBeanRegistry.getSingleton(DefaultSingletonBeanRegistry.java:222)
	at org.springframework.beans.factory.support.AbstractBeanFactory.doGetBean(AbstractBeanFactory.java:321)
	at org.springframework.beans.factory.support.AbstractBeanFactory.getBean(AbstractBeanFactory.java:202)
	at org.springframework.beans.factory.support.DefaultListableBeanFactory.preInstantiateSingletons(DefaultListableBeanFactory.java:879)
	at org.springframework.context.support.AbstractApplicationContext.finishBeanFactoryInitialization(AbstractApplicationContext.java:878)
	at org.springframework.context.support.AbstractApplicationContext.refresh(AbstractApplicationContext.java:550)
	at org.springframework.boot.web.servlet.context.ServletWebServerApplicationContext.refresh(ServletWebServerApplicationContext.java:141)
	at org.springframework.boot.SpringApplication.refresh(SpringApplication.java:747)
	at org.springframework.boot.SpringApplication.refreshContext(SpringApplication.java:397)
	at org.springframework.boot.SpringApplication.run(SpringApplication.java:315)
	at org.springframework.boot.SpringApplication.run(SpringApplication.java:1226)
	at org.springframework.boot.SpringApplication.run(SpringApplication.java:1215)
	at com.innomes.main.InnoMesApplication.main(InnoMesApplication.java:42)
Caused by: org.springframework.beans.BeanInstantiationException: Failed to instantiate [org.apache.ibatis.session.SqlSessionFactory]: Factory method 'sqlSessionFactory' threw exception; nested exception is java.io.FileNotFoundException: class path resource [mybatis/mapper/] cannot be resolved to URL because it does not exist
	at org.springframework.beans.factory.support.SimpleInstantiationStrategy.instantiate(SimpleInstantiationStrategy.java:185)
	at org.springframework.beans.factory.support.ConstructorResolver.instantiate(ConstructorResolver.java:651)
	... 19 common frames omitted
Caused by: java.io.FileNotFoundException: class path resource [mybatis/mapper/] cannot be resolved to URL because it does not exist
	at org.springframework.core.io.ClassPathResource.getURL(ClassPathResource.java:195)
	at org.springframework.core.io.support.PathMatchingResourcePatternResolver.findPathMatchingResources(PathMatchingResourcePatternResolver.java:498)
	at org.springframework.core.io.support.PathMatchingResourcePatternResolver.getResources(PathMatchingResourcePatternResolver.java:298)
	at com.innomes.main.config.DataAccessConfig.sqlSessionFactory(DataAccessConfig.java:23)
	at com.innomes.main.config.DataAccessConfig$$EnhancerBySpringCGLIB$$2714447b.CGLIB$sqlSessionFactory$1(<generated>)
	at com.innomes.main.config.DataAccessConfig$$EnhancerBySpringCGLIB$$2714447b$$FastClassBySpringCGLIB$$5ff42abf.invoke(<generated>)
	at org.springframework.cglib.proxy.MethodProxy.invokeSuper(MethodProxy.java:244)
	at org.springframework.context.annotation.ConfigurationClassEnhancer$BeanMethodInterceptor.intercept(ConfigurationClassEnhancer.java:363)
	at com.innomes.main.config.DataAccessConfig$$EnhancerBySpringCGLIB$$2714447b.sqlSessionFactory(<generated>)
	at sun.reflect.NativeMethodAccessorImpl.invoke0(Native Method)
	at sun.reflect.NativeMethodAccessorImpl.invoke(NativeMethodAccessorImpl.java:62)
	at sun.reflect.DelegatingMethodAccessorImpl.invoke(DelegatingMethodAccessorImpl.java:43)
	at java.lang.reflect.Method.invoke(Method.java:498)
	at org.springframework.beans.factory.support.SimpleInstantiationStrategy.instantiate(SimpleInstantiationStrategy.java:154)
	... 20 common frames omitted
ERROR 20-12-17 23:09:39[main] [SpringApplication:826] - Application run failed
org.springframework.beans.factory.BeanCreationException: Error creating bean with name 'sqlSessionFactory' defined in class path resource [com/innomes/main/config/DataAccessConfig.class]: Bean instantiation via factory method failed; nested exception is org.springframework.beans.BeanInstantiationException: Failed to instantiate [org.apache.ibatis.session.SqlSessionFactory]: Factory method 'sqlSessionFactory' threw exception; nested exception is java.io.FileNotFoundException: class path resource [mybatis/mapper/] cannot be resolved to URL because it does not exist
	at org.springframework.beans.factory.support.ConstructorResolver.instantiate(ConstructorResolver.java:656)
	at org.springframework.beans.factory.support.ConstructorResolver.instantiateUsingFactoryMethod(ConstructorResolver.java:636)
	at org.springframework.beans.factory.support.AbstractAutowireCapableBeanFactory.instantiateUsingFactoryMethod(AbstractAutowireCapableBeanFactory.java:1338)
	at org.springframework.beans.factory.support.AbstractAutowireCapableBeanFactory.createBeanInstance(AbstractAutowireCapableBeanFactory.java:1177)
	at org.springframework.beans.factory.support.AbstractAutowireCapableBeanFactory.doCreateBean(AbstractAutowireCapableBeanFactory.java:557)
	at org.springframework.beans.factory.support.AbstractAutowireCapableBeanFactory.createBean(AbstractAutowireCapableBeanFactory.java:517)
	at org.springframework.beans.factory.support.AbstractBeanFactory.lambda$doGetBean$0(AbstractBeanFactory.java:323)
	at org.springframework.beans.factory.support.DefaultSingletonBeanRegistry.getSingleton(DefaultSingletonBeanRegistry.java:222)
	at org.springframework.beans.factory.support.AbstractBeanFactory.doGetBean(AbstractBeanFactory.java:321)
	at org.springframework.beans.factory.support.AbstractBeanFactory.getBean(AbstractBeanFactory.java:202)
	at org.springframework.beans.factory.support.DefaultListableBeanFactory.preInstantiateSingletons(DefaultListableBeanFactory.java:879)
	at org.springframework.context.support.AbstractApplicationContext.finishBeanFactoryInitialization(AbstractApplicationContext.java:878)
	at org.springframework.context.support.AbstractApplicationContext.refresh(AbstractApplicationContext.java:550)
	at org.springframework.boot.web.servlet.context.ServletWebServerApplicationContext.refresh(ServletWebServerApplicationContext.java:141)
	at org.springframework.boot.SpringApplication.refresh(SpringApplication.java:747)
	at org.springframework.boot.SpringApplication.refreshContext(SpringApplication.java:397)
	at org.springframework.boot.SpringApplication.run(SpringApplication.java:315)
	at org.springframework.boot.SpringApplication.run(SpringApplication.java:1226)
	at org.springframework.boot.SpringApplication.run(SpringApplication.java:1215)
	at com.innomes.main.InnoMesApplication.main(InnoMesApplication.java:42)
Caused by: org.springframework.beans.BeanInstantiationException: Failed to instantiate [org.apache.ibatis.session.SqlSessionFactory]: Factory method 'sqlSessionFactory' threw exception; nested exception is java.io.FileNotFoundException: class path resource [mybatis/mapper/] cannot be resolved to URL because it does not exist
	at org.springframework.beans.factory.support.SimpleInstantiationStrategy.instantiate(SimpleInstantiationStrategy.java:185)
	at org.springframework.beans.factory.support.ConstructorResolver.instantiate(ConstructorResolver.java:651)
	... 19 common frames omitted
Caused by: java.io.FileNotFoundException: class path resource [mybatis/mapper/] cannot be resolved to URL because it does not exist
	at org.springframework.core.io.ClassPathResource.getURL(ClassPathResource.java:195)
	at org.springframework.core.io.support.PathMatchingResourcePatternResolver.findPathMatchingResources(PathMatchingResourcePatternResolver.java:498)
	at org.springframework.core.io.support.PathMatchingResourcePatternResolver.getResources(PathMatchingResourcePatternResolver.java:298)
	at com.innomes.main.config.DataAccessConfig.sqlSessionFactory(DataAccessConfig.java:23)
	at com.innomes.main.config.DataAccessConfig$$EnhancerBySpringCGLIB$$751d96fd.CGLIB$sqlSessionFactory$1(<generated>)
	at com.innomes.main.config.DataAccessConfig$$EnhancerBySpringCGLIB$$751d96fd$$FastClassBySpringCGLIB$$344fd8.invoke(<generated>)
	at org.springframework.cglib.proxy.MethodProxy.invokeSuper(MethodProxy.java:244)
	at org.springframework.context.annotation.ConfigurationClassEnhancer$BeanMethodInterceptor.intercept(ConfigurationClassEnhancer.java:363)
	at com.innomes.main.config.DataAccessConfig$$EnhancerBySpringCGLIB$$751d96fd.sqlSessionFactory(<generated>)
	at sun.reflect.NativeMethodAccessorImpl.invoke0(Native Method)
	at sun.reflect.NativeMethodAccessorImpl.invoke(NativeMethodAccessorImpl.java:62)
	at sun.reflect.DelegatingMethodAccessorImpl.invoke(DelegatingMethodAccessorImpl.java:43)
	at java.lang.reflect.Method.invoke(Method.java:498)
	at org.springframework.beans.factory.support.SimpleInstantiationStrategy.instantiate(SimpleInstantiationStrategy.java:154)
	... 20 common frames omitted
ERROR 20-12-17 23:24:19[main] [SpringApplication:826] - Application run failed
org.springframework.beans.factory.BeanCreationException: Error creating bean with name 'sqlSessionFactory' defined in class path resource [com/innomes/main/config/DataAccessConfig.class]: Bean instantiation via factory method failed; nested exception is org.springframework.beans.BeanInstantiationException: Failed to instantiate [org.apache.ibatis.session.SqlSessionFactory]: Factory method 'sqlSessionFactory' threw exception; nested exception is org.springframework.core.NestedIOException: Failed to parse mapping resource: 'file [/Users/kimdoan/Desktop/git/InnoMES/target/classes/mybatis/mapper/AutoKeyMapper.xml]'; nested exception is org.apache.ibatis.builder.BuilderException: Error parsing Mapper XML. The XML location is 'file [/Users/kimdoan/Desktop/git/InnoMES/target/classes/mybatis/mapper/AutoKeyMapper.xml]'. Cause: java.lang.IllegalArgumentException: Mapped Statements collection already contains value for e3view.factoryview.main.mapper.AutoKeyMapper.seqReqNo. please check file [/Users/kimdoan/Desktop/git/InnoMES/target/classes/mybatis/mapper/AutoKeyMapper 2.xml] and file [/Users/kimdoan/Desktop/git/InnoMES/target/classes/mybatis/mapper/AutoKeyMapper.xml]
	at org.springframework.beans.factory.support.ConstructorResolver.instantiate(ConstructorResolver.java:656)
	at org.springframework.beans.factory.support.ConstructorResolver.instantiateUsingFactoryMethod(ConstructorResolver.java:636)
	at org.springframework.beans.factory.support.AbstractAutowireCapableBeanFactory.instantiateUsingFactoryMethod(AbstractAutowireCapableBeanFactory.java:1338)
	at org.springframework.beans.factory.support.AbstractAutowireCapableBeanFactory.createBeanInstance(AbstractAutowireCapableBeanFactory.java:1177)
	at org.springframework.beans.factory.support.AbstractAutowireCapableBeanFactory.doCreateBean(AbstractAutowireCapableBeanFactory.java:557)
	at org.springframework.beans.factory.support.AbstractAutowireCapableBeanFactory.createBean(AbstractAutowireCapableBeanFactory.java:517)
	at org.springframework.beans.factory.support.AbstractBeanFactory.lambda$doGetBean$0(AbstractBeanFactory.java:323)
	at org.springframework.beans.factory.support.DefaultSingletonBeanRegistry.getSingleton(DefaultSingletonBeanRegistry.java:222)
	at org.springframework.beans.factory.support.AbstractBeanFactory.doGetBean(AbstractBeanFactory.java:321)
	at org.springframework.beans.factory.support.AbstractBeanFactory.getBean(AbstractBeanFactory.java:202)
	at org.springframework.beans.factory.support.DefaultListableBeanFactory.preInstantiateSingletons(DefaultListableBeanFactory.java:879)
	at org.springframework.context.support.AbstractApplicationContext.finishBeanFactoryInitialization(AbstractApplicationContext.java:878)
	at org.springframework.context.support.AbstractApplicationContext.refresh(AbstractApplicationContext.java:550)
	at org.springframework.boot.web.servlet.context.ServletWebServerApplicationContext.refresh(ServletWebServerApplicationContext.java:141)
	at org.springframework.boot.SpringApplication.refresh(SpringApplication.java:747)
	at org.springframework.boot.SpringApplication.refreshContext(SpringApplication.java:397)
	at org.springframework.boot.SpringApplication.run(SpringApplication.java:315)
	at org.springframework.boot.SpringApplication.run(SpringApplication.java:1226)
	at org.springframework.boot.SpringApplication.run(SpringApplication.java:1215)
	at com.innomes.main.InnoMesApplication.main(InnoMesApplication.java:42)
Caused by: org.springframework.beans.BeanInstantiationException: Failed to instantiate [org.apache.ibatis.session.SqlSessionFactory]: Factory method 'sqlSessionFactory' threw exception; nested exception is org.springframework.core.NestedIOException: Failed to parse mapping resource: 'file [/Users/kimdoan/Desktop/git/InnoMES/target/classes/mybatis/mapper/AutoKeyMapper.xml]'; nested exception is org.apache.ibatis.builder.BuilderException: Error parsing Mapper XML. The XML location is 'file [/Users/kimdoan/Desktop/git/InnoMES/target/classes/mybatis/mapper/AutoKeyMapper.xml]'. Cause: java.lang.IllegalArgumentException: Mapped Statements collection already contains value for e3view.factoryview.main.mapper.AutoKeyMapper.seqReqNo. please check file [/Users/kimdoan/Desktop/git/InnoMES/target/classes/mybatis/mapper/AutoKeyMapper 2.xml] and file [/Users/kimdoan/Desktop/git/InnoMES/target/classes/mybatis/mapper/AutoKeyMapper.xml]
	at org.springframework.beans.factory.support.SimpleInstantiationStrategy.instantiate(SimpleInstantiationStrategy.java:185)
	at org.springframework.beans.factory.support.ConstructorResolver.instantiate(ConstructorResolver.java:651)
	... 19 common frames omitted
Caused by: org.springframework.core.NestedIOException: Failed to parse mapping resource: 'file [/Users/kimdoan/Desktop/git/InnoMES/target/classes/mybatis/mapper/AutoKeyMapper.xml]'; nested exception is org.apache.ibatis.builder.BuilderException: Error parsing Mapper XML. The XML location is 'file [/Users/kimdoan/Desktop/git/InnoMES/target/classes/mybatis/mapper/AutoKeyMapper.xml]'. Cause: java.lang.IllegalArgumentException: Mapped Statements collection already contains value for e3view.factoryview.main.mapper.AutoKeyMapper.seqReqNo. please check file [/Users/kimdoan/Desktop/git/InnoMES/target/classes/mybatis/mapper/AutoKeyMapper 2.xml] and file [/Users/kimdoan/Desktop/git/InnoMES/target/classes/mybatis/mapper/AutoKeyMapper.xml]
	at org.mybatis.spring.SqlSessionFactoryBean.buildSqlSessionFactory(SqlSessionFactoryBean.java:522)
	at org.mybatis.spring.SqlSessionFactoryBean.afterPropertiesSet(SqlSessionFactoryBean.java:408)
	at org.mybatis.spring.SqlSessionFactoryBean.getObject(SqlSessionFactoryBean.java:541)
	at com.innomes.main.config.DataAccessConfig.sqlSessionFactory(DataAccessConfig.java:24)
	at com.innomes.main.config.DataAccessConfig$$EnhancerBySpringCGLIB$$9766eef7.CGLIB$sqlSessionFactory$1(<generated>)
	at com.innomes.main.config.DataAccessConfig$$EnhancerBySpringCGLIB$$9766eef7$$FastClassBySpringCGLIB$$3fd7d29b.invoke(<generated>)
	at org.springframework.cglib.proxy.MethodProxy.invokeSuper(MethodProxy.java:244)
	at org.springframework.context.annotation.ConfigurationClassEnhancer$BeanMethodInterceptor.intercept(ConfigurationClassEnhancer.java:363)
	at com.innomes.main.config.DataAccessConfig$$EnhancerBySpringCGLIB$$9766eef7.sqlSessionFactory(<generated>)
	at sun.reflect.NativeMethodAccessorImpl.invoke0(Native Method)
	at sun.reflect.NativeMethodAccessorImpl.invoke(NativeMethodAccessorImpl.java:62)
	at sun.reflect.DelegatingMethodAccessorImpl.invoke(DelegatingMethodAccessorImpl.java:43)
	at java.lang.reflect.Method.invoke(Method.java:498)
	at org.springframework.beans.factory.support.SimpleInstantiationStrategy.instantiate(SimpleInstantiationStrategy.java:154)
	... 20 common frames omitted
Caused by: org.apache.ibatis.builder.BuilderException: Error parsing Mapper XML. The XML location is 'file [/Users/kimdoan/Desktop/git/InnoMES/target/classes/mybatis/mapper/AutoKeyMapper.xml]'. Cause: java.lang.IllegalArgumentException: Mapped Statements collection already contains value for e3view.factoryview.main.mapper.AutoKeyMapper.seqReqNo. please check file [/Users/kimdoan/Desktop/git/InnoMES/target/classes/mybatis/mapper/AutoKeyMapper 2.xml] and file [/Users/kimdoan/Desktop/git/InnoMES/target/classes/mybatis/mapper/AutoKeyMapper.xml]
	at org.apache.ibatis.builder.xml.XMLMapperBuilder.configurationElement(XMLMapperBuilder.java:122)
	at org.apache.ibatis.builder.xml.XMLMapperBuilder.parse(XMLMapperBuilder.java:94)
	at org.mybatis.spring.SqlSessionFactoryBean.buildSqlSessionFactory(SqlSessionFactoryBean.java:520)
	... 33 common frames omitted
Caused by: java.lang.IllegalArgumentException: Mapped Statements collection already contains value for e3view.factoryview.main.mapper.AutoKeyMapper.seqReqNo. please check file [/Users/kimdoan/Desktop/git/InnoMES/target/classes/mybatis/mapper/AutoKeyMapper 2.xml] and file [/Users/kimdoan/Desktop/git/InnoMES/target/classes/mybatis/mapper/AutoKeyMapper.xml]
	at org.apache.ibatis.session.Configuration$StrictMap.put(Configuration.java:917)
	at org.apache.ibatis.session.Configuration$StrictMap.put(Configuration.java:874)
	at org.apache.ibatis.session.Configuration.addMappedStatement(Configuration.java:673)
	at org.apache.ibatis.builder.MapperBuilderAssistant.addMappedStatement(MapperBuilderAssistant.java:302)
	at org.apache.ibatis.builder.xml.XMLStatementBuilder.parseStatementNode(XMLStatementBuilder.java:109)
	at org.apache.ibatis.builder.xml.XMLMapperBuilder.buildStatementFromContext(XMLMapperBuilder.java:137)
	at org.apache.ibatis.builder.xml.XMLMapperBuilder.buildStatementFromContext(XMLMapperBuilder.java:130)
	at org.apache.ibatis.builder.xml.XMLMapperBuilder.configurationElement(XMLMapperBuilder.java:120)
	... 35 common frames omitted
